# JRE version: OpenJDK Runtime Environment Temurin-21.0.5+11 (21.0.5+11) (build 21.0.5+11-LTS)
# Java VM: OpenJDK 64-Bit Server VM Temurin-21.0.5+11 (21.0.5+11-LTS, mixed mode, sharing, tiered, compressed oops, compressed class ptrs, parallel gc, windows-amd64)
GC Precious Log:
 CardTable entry size: 512
 CPUs: 4 total, 4 available
 Memory: 7975M
 Large Page Support: Disabled
 NUMA Support: Disabled
 Compressed Oops: Enabled (32-bit)
 Alignments: Space 512K, Generation 512K, Heap 2M
 Heap Min Capacity: 100M
 Heap Initial Capacity: 100M
 Heap Max Capacity: 1G
 Pre-touch: Disabled
 Parallel Workers: 4
Heap:
 PSYoungGen      total 6144K, used 5251K [0x00000000eab00000, 0x00000000eb400000, 0x0000000100000000)
  eden space 4096K, 81% used [0x00000000eab00000,0x00000000eae45078,0x00000000eaf00000)
  from space 2048K, 92% used [0x00000000eb000000,0x00000000eb1dbd18,0x00000000eb200000)
  to   space 2048K, 0% used [0x00000000eb200000,0x00000000eb200000,0x00000000eb400000)
 ParOldGen       total 342528K, used 338751K [0x00000000c0000000, 0x00000000d4e80000, 0x00000000eab00000)
  object space 342528K, 98% used [0x00000000c0000000,0x00000000d4acfec0,0x00000000d4e80000)
 Metaspace       used 64890K, committed 66368K, reserved 1114112K
  class space    used 6914K, committed 7552K, reserved 1048576K
GC Heap History (20 events):
Event: 32.605 GC heap before
{Heap before GC invocations=346 (full 4):
 PSYoungGen      total 2560K, used 2560K [0x00000000eab00000, 0x00000000eb000000, 0x0000000100000000)
  eden space 2048K, 100% used [0x00000000eab00000,0x00000000ead00000,0x00000000ead00000)
  from space 512K, 100% used [0x00000000ead00000,0x00000000ead80000,0x00000000ead80000)
  to   space 1536K, 0% used [0x00000000eae80000,0x00000000eae80000,0x00000000eb000000)
 ParOldGen       total 342528K, used 324613K [0x00000000c0000000, 0x00000000d4e80000, 0x00000000eab00000)
  object space 342528K, 94% used [0x00000000c0000000,0x00000000d3d015d8,0x00000000d4e80000)
 Metaspace       used 64821K, committed 66304K, reserved 1114112K
  class space    used 6910K, committed 7552K, reserved 1048576K
}
Event: 32.607 GC heap after
{Heap after GC invocations=346 (full 4):
 PSYoungGen      total 3072K, used 704K [0x00000000eab00000, 0x00000000eaf80000, 0x0000000100000000)
  eden space 2048K, 0% used [0x00000000eab00000,0x00000000eab00000,0x00000000ead00000)
  from space 1024K, 68% used [0x00000000eae80000,0x00000000eaf30000,0x00000000eaf80000)
  to   space 1024K, 0% used [0x00000000ead80000,0x00000000ead80000,0x00000000eae80000)
 ParOldGen       total 342528K, used 325125K [0x00000000c0000000, 0x00000000d4e80000, 0x00000000eab00000)
  object space 342528K, 94% used [0x00000000c0000000,0x00000000d3d815d8,0x00000000d4e80000)
 Metaspace       used 64821K, committed 66304K, reserved 1114112K
  class space    used 6910K, committed 7552K, reserved 1048576K
}
Event: 32.609 GC heap before
{Heap before GC invocations=347 (full 4):
 PSYoungGen      total 3072K, used 2752K [0x00000000eab00000, 0x00000000eaf80000, 0x0000000100000000)
  eden space 2048K, 100% used [0x00000000eab00000,0x00000000ead00000,0x00000000ead00000)
  from space 1024K, 68% used [0x00000000eae80000,0x00000000eaf30000,0x00000000eaf80000)
  to   space 1024K, 0% used [0x00000000ead80000,0x00000000ead80000,0x00000000eae80000)
 ParOldGen       total 342528K, used 325125K [0x00000000c0000000, 0x00000000d4e80000, 0x00000000eab00000)
  object space 342528K, 94% used [0x00000000c0000000,0x00000000d3d815d8,0x00000000d4e80000)
 Metaspace       used 64821K, committed 66304K, reserved 1114112K
  class space    used 6910K, committed 7552K, reserved 1048576K
}
Event: 32.612 GC heap after
{Heap after GC invocations=347 (full 4):
 PSYoungGen      total 3584K, used 736K [0x00000000eab00000, 0x00000000eaf80000, 0x0000000100000000)
  eden space 2560K, 0% used [0x00000000eab00000,0x00000000eab00000,0x00000000ead80000)
  from space 1024K, 71% used [0x00000000ead80000,0x00000000eae38000,0x00000000eae80000)
  to   space 1024K, 0% used [0x00000000eae80000,0x00000000eae80000,0x00000000eaf80000)
 ParOldGen       total 342528K, used 325797K [0x00000000c0000000, 0x00000000d4e80000, 0x00000000eab00000)
  object space 342528K, 95% used [0x00000000c0000000,0x00000000d3e295d8,0x00000000d4e80000)
 Metaspace       used 64821K, committed 66304K, reserved 1114112K
  class space    used 6910K, committed 7552K, reserved 1048576K
}
Event: 32.615 GC heap before
{Heap before GC invocations=348 (full 4):
 PSYoungGen      total 3584K, used 3147K [0x00000000eab00000, 0x00000000eaf80000, 0x0000000100000000)
  eden space 2560K, 94% used [0x00000000eab00000,0x00000000ead5af10,0x00000000ead80000)
  from space 1024K, 71% used [0x00000000ead80000,0x00000000eae38000,0x00000000eae80000)
  to   space 1024K, 0% used [0x00000000eae80000,0x00000000eae80000,0x00000000eaf80000)
 ParOldGen       total 342528K, used 325797K [0x00000000c0000000, 0x00000000d4e80000, 0x00000000eab00000)
  object space 342528K, 95% used [0x00000000c0000000,0x00000000d3e295d8,0x00000000d4e80000)
 Metaspace       used 64821K, committed 66304K, reserved 1114112K
  class space    used 6910K, committed 7552K, reserved 1048576K
}
Event: 32.618 GC heap after
{Heap after GC invocations=348 (full 4):
 PSYoungGen      total 3072K, used 1011K [0x00000000eab00000, 0x00000000eb100000, 0x0000000100000000)
  eden space 2048K, 0% used [0x00000000eab00000,0x00000000eab00000,0x00000000ead00000)
  from space 1024K, 98% used [0x00000000eae80000,0x00000000eaf7ce10,0x00000000eaf80000)
  to   space 1536K, 0% used [0x00000000ead00000,0x00000000ead00000,0x00000000eae80000)
 ParOldGen       total 342528K, used 326485K [0x00000000c0000000, 0x00000000d4e80000, 0x00000000eab00000)
  object space 342528K, 95% used [0x00000000c0000000,0x00000000d3ed55d8,0x00000000d4e80000)
 Metaspace       used 64821K, committed 66304K, reserved 1114112K
  class space    used 6910K, committed 7552K, reserved 1048576K
}
Event: 32.627 GC heap before
{Heap before GC invocations=349 (full 4):
 PSYoungGen      total 3072K, used 3059K [0x00000000eab00000, 0x00000000eb100000, 0x0000000100000000)
  eden space 2048K, 100% used [0x00000000eab00000,0x00000000ead00000,0x00000000ead00000)
  from space 1024K, 98% used [0x00000000eae80000,0x00000000eaf7ce10,0x00000000eaf80000)
  to   space 1536K, 0% used [0x00000000ead00000,0x00000000ead00000,0x00000000eae80000)
 ParOldGen       total 342528K, used 326485K [0x00000000c0000000, 0x00000000d4e80000, 0x00000000eab00000)
  object space 342528K, 95% used [0x00000000c0000000,0x00000000d3ed55d8,0x00000000d4e80000)
 Metaspace       used 64823K, committed 66304K, reserved 1114112K
  class space    used 6910K, committed 7552K, reserved 1048576K
}
Event: 32.630 GC heap after
{Heap after GC invocations=349 (full 4):
 PSYoungGen      total 3584K, used 1534K [0x00000000eab00000, 0x00000000eb480000, 0x0000000100000000)
  eden space 2048K, 0% used [0x00000000eab00000,0x00000000eab00000,0x00000000ead00000)
  from space 1536K, 99% used [0x00000000ead00000,0x00000000eae7fab8,0x00000000eae80000)
  to   space 3584K, 0% used [0x00000000eb100000,0x00000000eb100000,0x00000000eb480000)
 ParOldGen       total 342528K, used 327936K [0x00000000c0000000, 0x00000000d4e80000, 0x00000000eab00000)
  object space 342528K, 95% used [0x00000000c0000000,0x00000000d40403e8,0x00000000d4e80000)
 Metaspace       used 64823K, committed 66304K, reserved 1114112K
  class space    used 6910K, committed 7552K, reserved 1048576K
}
Event: 32.641 GC heap before
{Heap before GC invocations=350 (full 4):
 PSYoungGen      total 3584K, used 3582K [0x00000000eab00000, 0x00000000eb480000, 0x0000000100000000)
  eden space 2048K, 100% used [0x00000000eab00000,0x00000000ead00000,0x00000000ead00000)
  from space 1536K, 99% used [0x00000000ead00000,0x00000000eae7fab8,0x00000000eae80000)
  to   space 3584K, 0% used [0x00000000eb100000,0x00000000eb100000,0x00000000eb480000)
 ParOldGen       total 342528K, used 327936K [0x00000000c0000000, 0x00000000d4e80000, 0x00000000eab00000)
  object space 342528K, 95% used [0x00000000c0000000,0x00000000d40403e8,0x00000000d4e80000)
 Metaspace       used 64823K, committed 66304K, reserved 1114112K
  class space    used 6910K, committed 7552K, reserved 1048576K
}
Event: 32.645 GC heap after
{Heap after GC invocations=350 (full 4):
 PSYoungGen      total 5120K, used 2144K [0x00000000eab00000, 0x00000000eb380000, 0x0000000100000000)
  eden space 2560K, 0% used [0x00000000eab00000,0x00000000eab00000,0x00000000ead80000)
  from space 2560K, 83% used [0x00000000eb100000,0x00000000eb318000,0x00000000eb380000)
  to   space 2560K, 0% used [0x00000000eae80000,0x00000000eae80000,0x00000000eb100000)
 ParOldGen       total 342528K, used 329487K [0x00000000c0000000, 0x00000000d4e80000, 0x00000000eab00000)
  object space 342528K, 96% used [0x00000000c0000000,0x00000000d41c3ea0,0x00000000d4e80000)
 Metaspace       used 64823K, committed 66304K, reserved 1114112K
  class space    used 6910K, committed 7552K, reserved 1048576K
}
Event: 32.662 GC heap before
{Heap before GC invocations=351 (full 4):
 PSYoungGen      total 5120K, used 4596K [0x00000000eab00000, 0x00000000eb380000, 0x0000000100000000)
  eden space 2560K, 95% used [0x00000000eab00000,0x00000000ead65290,0x00000000ead80000)
  from space 2560K, 83% used [0x00000000eb100000,0x00000000eb318000,0x00000000eb380000)
  to   space 2560K, 0% used [0x00000000eae80000,0x00000000eae80000,0x00000000eb100000)
 ParOldGen       total 342528K, used 329487K [0x00000000c0000000, 0x00000000d4e80000, 0x00000000eab00000)
  object space 342528K, 96% used [0x00000000c0000000,0x00000000d41c3ea0,0x00000000d4e80000)
 Metaspace       used 64823K, committed 66304K, reserved 1114112K
  class space    used 6910K, committed 7552K, reserved 1048576K
}
Event: 32.664 GC heap after
{Heap after GC invocations=351 (full 4):
 PSYoungGen      total 5632K, used 2500K [0x00000000eab00000, 0x00000000eb400000, 0x0000000100000000)
  eden space 3072K, 0% used [0x00000000eab00000,0x00000000eab00000,0x00000000eae00000)
  from space 2560K, 97% used [0x00000000eae80000,0x00000000eb0f1008,0x00000000eb100000)
  to   space 3072K, 0% used [0x00000000eb100000,0x00000000eb100000,0x00000000eb400000)
 ParOldGen       total 342528K, used 331535K [0x00000000c0000000, 0x00000000d4e80000, 0x00000000eab00000)
  object space 342528K, 96% used [0x00000000c0000000,0x00000000d43c3ea0,0x00000000d4e80000)
 Metaspace       used 64823K, committed 66304K, reserved 1114112K
  class space    used 6910K, committed 7552K, reserved 1048576K
}
Event: 32.677 GC heap before
{Heap before GC invocations=352 (full 4):
 PSYoungGen      total 5632K, used 5572K [0x00000000eab00000, 0x00000000eb400000, 0x0000000100000000)
  eden space 3072K, 100% used [0x00000000eab00000,0x00000000eae00000,0x00000000eae00000)
  from space 2560K, 97% used [0x00000000eae80000,0x00000000eb0f1008,0x00000000eb100000)
  to   space 3072K, 0% used [0x00000000eb100000,0x00000000eb100000,0x00000000eb400000)
 ParOldGen       total 342528K, used 331535K [0x00000000c0000000, 0x00000000d4e80000, 0x00000000eab00000)
  object space 342528K, 96% used [0x00000000c0000000,0x00000000d43c3ea0,0x00000000d4e80000)
 Metaspace       used 64847K, committed 66368K, reserved 1114112K
  class space    used 6910K, committed 7552K, reserved 1048576K
}
Event: 32.680 GC heap after
{Heap after GC invocations=352 (full 4):
 PSYoungGen      total 6144K, used 2806K [0x00000000eab00000, 0x00000000eb500000, 0x0000000100000000)
  eden space 3072K, 0% used [0x00000000eab00000,0x00000000eab00000,0x00000000eae00000)
  from space 3072K, 91% used [0x00000000eb100000,0x00000000eb3bd950,0x00000000eb400000)
  to   space 3072K, 0% used [0x00000000eae00000,0x00000000eae00000,0x00000000eb100000)
 ParOldGen       total 342528K, used 333737K [0x00000000c0000000, 0x00000000d4e80000, 0x00000000eab00000)
  object space 342528K, 97% used [0x00000000c0000000,0x00000000d45ea610,0x00000000d4e80000)
 Metaspace       used 64847K, committed 66368K, reserved 1114112K
  class space    used 6910K, committed 7552K, reserved 1048576K
}
Event: 32.691 GC heap before
{Heap before GC invocations=353 (full 4):
 PSYoungGen      total 6144K, used 5878K [0x00000000eab00000, 0x00000000eb500000, 0x0000000100000000)
  eden space 3072K, 100% used [0x00000000eab00000,0x00000000eae00000,0x00000000eae00000)
  from space 3072K, 91% used [0x00000000eb100000,0x00000000eb3bd950,0x00000000eb400000)
  to   space 3072K, 0% used [0x00000000eae00000,0x00000000eae00000,0x00000000eb100000)
 ParOldGen       total 342528K, used 333737K [0x00000000c0000000, 0x00000000d4e80000, 0x00000000eab00000)
  object space 342528K, 97% used [0x00000000c0000000,0x00000000d45ea610,0x00000000d4e80000)
 Metaspace       used 64847K, committed 66368K, reserved 1114112K
  class space    used 6910K, committed 7552K, reserved 1048576K
}
Event: 32.693 GC heap after
{Heap after GC invocations=353 (full 4):
 PSYoungGen      total 6144K, used 3051K [0x00000000eab00000, 0x00000000eb800000, 0x0000000100000000)
  eden space 3072K, 0% used [0x00000000eab00000,0x00000000eab00000,0x00000000eae00000)
  from space 3072K, 99% used [0x00000000eae00000,0x00000000eb0fad60,0x00000000eb100000)
  to   space 4608K, 0% used [0x00000000eb380000,0x00000000eb380000,0x00000000eb800000)
 ParOldGen       total 342528K, used 334609K [0x00000000c0000000, 0x00000000d4e80000, 0x00000000eab00000)
  object space 342528K, 97% used [0x00000000c0000000,0x00000000d46c4610,0x00000000d4e80000)
 Metaspace       used 64847K, committed 66368K, reserved 1114112K
  class space    used 6910K, committed 7552K, reserved 1048576K
}
Event: 32.705 GC heap before
{Heap before GC invocations=354 (full 4):
 PSYoungGen      total 6144K, used 6115K [0x00000000eab00000, 0x00000000eb800000, 0x0000000100000000)
  eden space 3072K, 99% used [0x00000000eab00000,0x00000000eadfe0c0,0x00000000eae00000)
  from space 3072K, 99% used [0x00000000eae00000,0x00000000eb0fad60,0x00000000eb100000)
  to   space 4608K, 0% used [0x00000000eb380000,0x00000000eb380000,0x00000000eb800000)
 ParOldGen       total 342528K, used 334609K [0x00000000c0000000, 0x00000000d4e80000, 0x00000000eab00000)
  object space 342528K, 97% used [0x00000000c0000000,0x00000000d46c4610,0x00000000d4e80000)
 Metaspace       used 64848K, committed 66368K, reserved 1114112K
  class space    used 6910K, committed 7552K, reserved 1048576K
}
Event: 32.707 GC heap after
{Heap after GC invocations=354 (full 4):
 PSYoungGen      total 5632K, used 1499K [0x00000000eab00000, 0x00000000eb500000, 0x0000000100000000)
  eden space 4096K, 0% used [0x00000000eab00000,0x00000000eab00000,0x00000000eaf00000)
  from space 1536K, 97% used [0x00000000eb380000,0x00000000eb4f6cd8,0x00000000eb500000)
  to   space 2560K, 0% used [0x00000000eb000000,0x00000000eb000000,0x00000000eb280000)
 ParOldGen       total 342528K, used 337383K [0x00000000c0000000, 0x00000000d4e80000, 0x00000000eab00000)
  object space 342528K, 98% used [0x00000000c0000000,0x00000000d4979ff0,0x00000000d4e80000)
 Metaspace       used 64848K, committed 66368K, reserved 1114112K
  class space    used 6910K, committed 7552K, reserved 1048576K
}
Event: 32.808 GC heap before
{Heap before GC invocations=355 (full 4):
 PSYoungGen      total 5632K, used 5595K [0x00000000eab00000, 0x00000000eb500000, 0x0000000100000000)
  eden space 4096K, 100% used [0x00000000eab00000,0x00000000eaf00000,0x00000000eaf00000)
  from space 1536K, 97% used [0x00000000eb380000,0x00000000eb4f6cd8,0x00000000eb500000)
  to   space 2560K, 0% used [0x00000000eb000000,0x00000000eb000000,0x00000000eb280000)
 ParOldGen       total 342528K, used 337383K [0x00000000c0000000, 0x00000000d4e80000, 0x00000000eab00000)
  object space 342528K, 98% used [0x00000000c0000000,0x00000000d4979ff0,0x00000000d4e80000)
 Metaspace       used 64853K, committed 66368K, reserved 1114112K
  class space    used 6911K, committed 7552K, reserved 1048576K
}
Event: 32.811 GC heap after
{Heap after GC invocations=355 (full 4):
 PSYoungGen      total 6144K, used 1903K [0x00000000eab00000, 0x00000000eb400000, 0x0000000100000000)
  eden space 4096K, 0% used [0x00000000eab00000,0x00000000eab00000,0x00000000eaf00000)
  from space 2048K, 92% used [0x00000000eb000000,0x00000000eb1dbd18,0x00000000eb200000)
  to   space 2048K, 0% used [0x00000000eb200000,0x00000000eb200000,0x00000000eb400000)
 ParOldGen       total 342528K, used 338751K [0x00000000c0000000, 0x00000000d4e80000, 0x00000000eab00000)
  object space 342528K, 98% used [0x00000000c0000000,0x00000000d4acfec0,0x00000000d4e80000)
 Metaspace       used 64853K, committed 66368K, reserved 1114112K
  class space    used 6911K, committed 7552K, reserved 1048576K
}

